The target system is: Android - 15 - mips
The host system is: Linux - 3.13.0-96-generic - x86_64
Determining if the C compiler works passed with the following output:
Change Dir: /usr/local/google/home/naveenkumark/AndroidStudioProjects/2.2.2/3360264/HelloJNI/app/.externalNativeBuild/cmake/mipsDebug/mips/CMakeFiles/CMakeTmp

Run Build Command:"/usr/local/google/home/naveenkumark/Android/Sdk/cmake/3.6.3155560/bin/ninja" "cmTC_2b0a4"
[1/2] Building C object CMakeFiles/cmTC_2b0a4.dir/testCCompiler.c.o
[2/2] Linking C executable cmTC_2b0a4


Detecting C compiler ABI info compiled with the following output:
Change Dir: /usr/local/google/home/naveenkumark/AndroidStudioProjects/2.2.2/3360264/HelloJNI/app/.externalNativeBuild/cmake/mipsDebug/mips/CMakeFiles/CMakeTmp

Run Build Command:"/usr/local/google/home/naveenkumark/Android/Sdk/cmake/3.6.3155560/bin/ninja" "cmTC_fab32"
[1/2] Building C object CMakeFiles/cmTC_fab32.dir/CMakeCCompilerABI.c.o
[2/2] Linking C executable cmTC_fab32
Android clang version 3.8.256229  (based on LLVM 3.8.256229)
Target: mipsel-none-linux-android
Thread model: posix
InstalledDir: /usr/local/google/home/naveenkumark/Android/Sdk/ndk-bundle/toolchains/llvm/prebuilt/linux-x86_64/bin
Found candidate GCC installation: /usr/local/google/home/naveenkumark/Android/Sdk/ndk-bundle/toolchains/mipsel-linux-android-4.9/prebuilt/linux-x86_64/lib/gcc/mipsel-linux-android/4.9.x
Selected GCC installation: /usr/local/google/home/naveenkumark/Android/Sdk/ndk-bundle/toolchains/mipsel-linux-android-4.9/prebuilt/linux-x86_64/lib/gcc/mipsel-linux-android/4.9.x
Candidate multilib: mips-r6;@march=mips32r6
Candidate multilib: mips-r2;@march=mips32r2
Candidate multilib: .;
Selected multilib: .;
 "/usr/local/google/home/naveenkumark/Android/Sdk/ndk-bundle/toolchains/mipsel-linux-android-4.9/prebuilt/linux-x86_64/lib/gcc/mipsel-linux-android/4.9.x/../../../../mipsel-linux-android/bin/ld" --sysroot=/usr/local/google/home/naveenkumark/Android/Sdk/ndk-bundle/platforms/android-15/arch-mips -z relro --sysroot=/usr/local/google/home/naveenkumark/Android/Sdk/ndk-bundle/platforms/android-15/arch-mips --build-id --eh-frame-hdr -m elf32ltsmip -dynamic-linker /system/bin/linker -o cmTC_fab32 /usr/local/google/home/naveenkumark/Android/Sdk/ndk-bundle/platforms/android-15/arch-mips/usr/lib/../lib/crtbegin_dynamic.o -L/usr/local/google/home/naveenkumark/Android/Sdk/ndk-bundle/toolchains/mipsel-linux-android-4.9/prebuilt/linux-x86_64/lib/gcc/mipsel-linux-android/4.9.x -L/usr/local/google/home/naveenkumark/Android/Sdk/ndk-bundle/toolchains/mipsel-linux-android-4.9/prebuilt/linux-x86_64/lib/gcc/mipsel-linux-android/4.9.x/../../../../mipsel-linux-android/lib/../lib -L/usr/local/google/home/naveenkumark/Android/Sdk/ndk-bundle/platforms/android-15/arch-mips/usr/lib/../lib -L/usr/local/google/home/naveenkumark/Android/Sdk/ndk-bundle/toolchains/mipsel-linux-android-4.9/prebuilt/linux-x86_64/lib/gcc/mipsel-linux-android/4.9.x/../../../../mipsel-linux-android/lib -L/usr/local/google/home/naveenkumark/Android/Sdk/ndk-bundle/platforms/android-15/arch-mips/usr/lib --build-id --warn-shared-textrel --fatal-warnings --no-undefined -z noexecstack -z relro -z now --gc-sections -z nocopyreloc --build-id --warn-shared-textrel --fatal-warnings --no-undefined -z noexecstack -z relro -z now --gc-sections -z nocopyreloc CMakeFiles/cmTC_fab32.dir/CMakeCCompilerABI.c.o -lgcc -ldl -lc -lgcc -ldl /usr/local/google/home/naveenkumark/Android/Sdk/ndk-bundle/platforms/android-15/arch-mips/usr/lib/../lib/crtend_android.o


Parsed C implicit link information from above output:
  link line regex: [^( *|.*[/\])(mipsel-linux-android-ld|([^/\]+-)?ld|collect2)[^/\]*( |$)]
  ignore line: [Change Dir: /usr/local/google/home/naveenkumark/AndroidStudioProjects/2.2.2/3360264/HelloJNI/app/.externalNativeBuild/cmake/mipsDebug/mips/CMakeFiles/CMakeTmp]
  ignore line: []
  ignore line: [Run Build Command:"/usr/local/google/home/naveenkumark/Android/Sdk/cmake/3.6.3155560/bin/ninja" "cmTC_fab32"]
  ignore line: [[1/2] Building C object CMakeFiles/cmTC_fab32.dir/CMakeCCompilerABI.c.o]
  ignore line: [[2/2] Linking C executable cmTC_fab32]
  ignore line: [Android clang version 3.8.256229  (based on LLVM 3.8.256229)]
  ignore line: [Target: mipsel-none-linux-android]
  ignore line: [Thread model: posix]
  ignore line: [InstalledDir: /usr/local/google/home/naveenkumark/Android/Sdk/ndk-bundle/toolchains/llvm/prebuilt/linux-x86_64/bin]
  ignore line: [Found candidate GCC installation: /usr/local/google/home/naveenkumark/Android/Sdk/ndk-bundle/toolchains/mipsel-linux-android-4.9/prebuilt/linux-x86_64/lib/gcc/mipsel-linux-android/4.9.x]
  ignore line: [Selected GCC installation: /usr/local/google/home/naveenkumark/Android/Sdk/ndk-bundle/toolchains/mipsel-linux-android-4.9/prebuilt/linux-x86_64/lib/gcc/mipsel-linux-android/4.9.x]
  ignore line: [Candidate multilib: mips-r6]
  ignore line: [@march=mips32r6]
  ignore line: [Candidate multilib: mips-r2]
  ignore line: [@march=mips32r2]
  ignore line: [Candidate multilib: .]
  ignore line: []
  ignore line: [Selected multilib: .]
  ignore line: []
  link line: [ "/usr/local/google/home/naveenkumark/Android/Sdk/ndk-bundle/toolchains/mipsel-linux-android-4.9/prebuilt/linux-x86_64/lib/gcc/mipsel-linux-android/4.9.x/../../../../mipsel-linux-android/bin/ld" --sysroot=/usr/local/google/home/naveenkumark/Android/Sdk/ndk-bundle/platforms/android-15/arch-mips -z relro --sysroot=/usr/local/google/home/naveenkumark/Android/Sdk/ndk-bundle/platforms/android-15/arch-mips --build-id --eh-frame-hdr -m elf32ltsmip -dynamic-linker /system/bin/linker -o cmTC_fab32 /usr/local/google/home/naveenkumark/Android/Sdk/ndk-bundle/platforms/android-15/arch-mips/usr/lib/../lib/crtbegin_dynamic.o -L/usr/local/google/home/naveenkumark/Android/Sdk/ndk-bundle/toolchains/mipsel-linux-android-4.9/prebuilt/linux-x86_64/lib/gcc/mipsel-linux-android/4.9.x -L/usr/local/google/home/naveenkumark/Android/Sdk/ndk-bundle/toolchains/mipsel-linux-android-4.9/prebuilt/linux-x86_64/lib/gcc/mipsel-linux-android/4.9.x/../../../../mipsel-linux-android/lib/../lib -L/usr/local/google/home/naveenkumark/Android/Sdk/ndk-bundle/platforms/android-15/arch-mips/usr/lib/../lib -L/usr/local/google/home/naveenkumark/Android/Sdk/ndk-bundle/toolchains/mipsel-linux-android-4.9/prebuilt/linux-x86_64/lib/gcc/mipsel-linux-android/4.9.x/../../../../mipsel-linux-android/lib -L/usr/local/google/home/naveenkumark/Android/Sdk/ndk-bundle/platforms/android-15/arch-mips/usr/lib --build-id --warn-shared-textrel --fatal-warnings --no-undefined -z noexecstack -z relro -z now --gc-sections -z nocopyreloc --build-id --warn-shared-textrel --fatal-warnings --no-undefined -z noexecstack -z relro -z now --gc-sections -z nocopyreloc CMakeFiles/cmTC_fab32.dir/CMakeCCompilerABI.c.o -lgcc -ldl -lc -lgcc -ldl /usr/local/google/home/naveenkumark/Android/Sdk/ndk-bundle/platforms/android-15/arch-mips/usr/lib/../lib/crtend_android.o]
    arg [/usr/local/google/home/naveenkumark/Android/Sdk/ndk-bundle/toolchains/mipsel-linux-android-4.9/prebuilt/linux-x86_64/lib/gcc/mipsel-linux-android/4.9.x/../../../../mipsel-linux-android/bin/ld] ==> ignore
    arg [--sysroot=/usr/local/google/home/naveenkumark/Android/Sdk/ndk-bundle/platforms/android-15/arch-mips] ==> ignore
    arg [-zrelro] ==> ignore
    arg [--sysroot=/usr/local/google/home/naveenkumark/Android/Sdk/ndk-bundle/platforms/android-15/arch-mips] ==> ignore
    arg [--build-id] ==> ignore
    arg [--eh-frame-hdr] ==> ignore
    arg [-m] ==> ignore
    arg [elf32ltsmip] ==> ignore
    arg [-dynamic-linker] ==> ignore
    arg [/system/bin/linker] ==> ignore
    arg [-o] ==> ignore
    arg [cmTC_fab32] ==> ignore
    arg [/usr/local/google/home/naveenkumark/Android/Sdk/ndk-bundle/platforms/android-15/arch-mips/usr/lib/../lib/crtbegin_dynamic.o] ==> ignore
    arg [-L/usr/local/google/home/naveenkumark/Android/Sdk/ndk-bundle/toolchains/mipsel-linux-android-4.9/prebuilt/linux-x86_64/lib/gcc/mipsel-linux-android/4.9.x] ==> dir [/usr/local/google/home/naveenkumark/Android/Sdk/ndk-bundle/toolchains/mipsel-linux-android-4.9/prebuilt/linux-x86_64/lib/gcc/mipsel-linux-android/4.9.x]
    arg [-L/usr/local/google/home/naveenkumark/Android/Sdk/ndk-bundle/toolchains/mipsel-linux-android-4.9/prebuilt/linux-x86_64/lib/gcc/mipsel-linux-android/4.9.x/../../../../mipsel-linux-android/lib/../lib] ==> dir [/usr/local/google/home/naveenkumark/Android/Sdk/ndk-bundle/toolchains/mipsel-linux-android-4.9/prebuilt/linux-x86_64/lib/gcc/mipsel-linux-android/4.9.x/../../../../mipsel-linux-android/lib/../lib]
    arg [-L/usr/local/google/home/naveenkumark/Android/Sdk/ndk-bundle/platforms/android-15/arch-mips/usr/lib/../lib] ==> dir [/usr/local/google/home/naveenkumark/Android/Sdk/ndk-bundle/platforms/android-15/arch-mips/usr/lib/../lib]
    arg [-L/usr/local/google/home/naveenkumark/Android/Sdk/ndk-bundle/toolchains/mipsel-linux-android-4.9/prebuilt/linux-x86_64/lib/gcc/mipsel-linux-android/4.9.x/../../../../mipsel-linux-android/lib] ==> dir [/usr/local/google/home/naveenkumark/Android/Sdk/ndk-bundle/toolchains/mipsel-linux-android-4.9/prebuilt/linux-x86_64/lib/gcc/mipsel-linux-android/4.9.x/../../../../mipsel-linux-android/lib]
    arg [-L/usr/local/google/home/naveenkumark/Android/Sdk/ndk-bundle/platforms/android-15/arch-mips/usr/lib] ==> dir [/usr/local/google/home/naveenkumark/Android/Sdk/ndk-bundle/platforms/android-15/arch-mips/usr/lib]
    arg [--build-id] ==> ignore
    arg [--warn-shared-textrel] ==> ignore
    arg [--fatal-warnings] ==> ignore
    arg [--no-undefined] ==> ignore
    arg [-znoexecstack] ==> ignore
    arg [-zrelro] ==> ignore
    arg [-znow] ==> ignore
    arg [--gc-sections] ==> ignore
    arg [-znocopyreloc] ==> ignore
    arg [--build-id] ==> ignore
    arg [--warn-shared-textrel] ==> ignore
    arg [--fatal-warnings] ==> ignore
    arg [--no-undefined] ==> ignore
    arg [-znoexecstack] ==> ignore
    arg [-zrelro] ==> ignore
    arg [-znow] ==> ignore
    arg [--gc-sections] ==> ignore
    arg [-znocopyreloc] ==> ignore
    arg [CMakeFiles/cmTC_fab32.dir/CMakeCCompilerABI.c.o] ==> ignore
    arg [-lgcc] ==> lib [gcc]
    arg [-ldl] ==> lib [dl]
    arg [-lc] ==> lib [c]
    arg [-lgcc] ==> lib [gcc]
    arg [-ldl] ==> lib [dl]
    arg [/usr/local/google/home/naveenkumark/Android/Sdk/ndk-bundle/platforms/android-15/arch-mips/usr/lib/../lib/crtend_android.o] ==> ignore
  remove lib [gcc]
  remove lib [gcc]
  collapse library dir [/usr/local/google/home/naveenkumark/Android/Sdk/ndk-bundle/toolchains/mipsel-linux-android-4.9/prebuilt/linux-x86_64/lib/gcc/mipsel-linux-android/4.9.x] ==> [/usr/local/google/home/naveenkumark/Android/Sdk/ndk-bundle/toolchains/mipsel-linux-android-4.9/prebuilt/linux-x86_64/lib/gcc/mipsel-linux-android/4.9.x]
  collapse library dir [/usr/local/google/home/naveenkumark/Android/Sdk/ndk-bundle/toolchains/mipsel-linux-android-4.9/prebuilt/linux-x86_64/lib/gcc/mipsel-linux-android/4.9.x/../../../../mipsel-linux-android/lib/../lib] ==> [/usr/local/google/home/naveenkumark/Android/Sdk/ndk-bundle/toolchains/mipsel-linux-android-4.9/prebuilt/linux-x86_64/mipsel-linux-android/lib]
  collapse library dir [/usr/local/google/home/naveenkumark/Android/Sdk/ndk-bundle/platforms/android-15/arch-mips/usr/lib/../lib] ==> [/usr/local/google/home/naveenkumark/Android/Sdk/ndk-bundle/platforms/android-15/arch-mips/usr/lib]
  collapse library dir [/usr/local/google/home/naveenkumark/Android/Sdk/ndk-bundle/toolchains/mipsel-linux-android-4.9/prebuilt/linux-x86_64/lib/gcc/mipsel-linux-android/4.9.x/../../../../mipsel-linux-android/lib] ==> [/usr/local/google/home/naveenkumark/Android/Sdk/ndk-bundle/toolchains/mipsel-linux-android-4.9/prebuilt/linux-x86_64/mipsel-linux-android/lib]
  collapse library dir [/usr/local/google/home/naveenkumark/Android/Sdk/ndk-bundle/platforms/android-15/arch-mips/usr/lib] ==> [/usr/local/google/home/naveenkumark/Android/Sdk/ndk-bundle/platforms/android-15/arch-mips/usr/lib]
  implicit libs: [dl;c;dl]
  implicit dirs: [/usr/local/google/home/naveenkumark/Android/Sdk/ndk-bundle/toolchains/mipsel-linux-android-4.9/prebuilt/linux-x86_64/lib/gcc/mipsel-linux-android/4.9.x;/usr/local/google/home/naveenkumark/Android/Sdk/ndk-bundle/toolchains/mipsel-linux-android-4.9/prebuilt/linux-x86_64/mipsel-linux-android/lib;/usr/local/google/home/naveenkumark/Android/Sdk/ndk-bundle/platforms/android-15/arch-mips/usr/lib]
  implicit fwks: []


Determining if the CXX compiler works passed with the following output:
Change Dir: /usr/local/google/home/naveenkumark/AndroidStudioProjects/2.2.2/3360264/HelloJNI/app/.externalNativeBuild/cmake/mipsDebug/mips/CMakeFiles/CMakeTmp

Run Build Command:"/usr/local/google/home/naveenkumark/Android/Sdk/cmake/3.6.3155560/bin/ninja" "cmTC_eda34"
[1/2] Building CXX object CMakeFiles/cmTC_eda34.dir/testCXXCompiler.cxx.o
[2/2] Linking CXX executable cmTC_eda34


Detecting CXX compiler ABI info compiled with the following output:
Change Dir: /usr/local/google/home/naveenkumark/AndroidStudioProjects/2.2.2/3360264/HelloJNI/app/.externalNativeBuild/cmake/mipsDebug/mips/CMakeFiles/CMakeTmp

Run Build Command:"/usr/local/google/home/naveenkumark/Android/Sdk/cmake/3.6.3155560/bin/ninja" "cmTC_09d32"
[1/2] Building CXX object CMakeFiles/cmTC_09d32.dir/CMakeCXXCompilerABI.cpp.o
[2/2] Linking CXX executable cmTC_09d32
Android clang version 3.8.256229  (based on LLVM 3.8.256229)
Target: mipsel-none-linux-android
Thread model: posix
InstalledDir: /usr/local/google/home/naveenkumark/Android/Sdk/ndk-bundle/toolchains/llvm/prebuilt/linux-x86_64/bin
Found candidate GCC installation: /usr/local/google/home/naveenkumark/Android/Sdk/ndk-bundle/toolchains/mipsel-linux-android-4.9/prebuilt/linux-x86_64/lib/gcc/mipsel-linux-android/4.9.x
Selected GCC installation: /usr/local/google/home/naveenkumark/Android/Sdk/ndk-bundle/toolchains/mipsel-linux-android-4.9/prebuilt/linux-x86_64/lib/gcc/mipsel-linux-android/4.9.x
Candidate multilib: mips-r6;@march=mips32r6
Candidate multilib: mips-r2;@march=mips32r2
Candidate multilib: .;
Selected multilib: .;
 "/usr/local/google/home/naveenkumark/Android/Sdk/ndk-bundle/toolchains/mipsel-linux-android-4.9/prebuilt/linux-x86_64/lib/gcc/mipsel-linux-android/4.9.x/../../../../mipsel-linux-android/bin/ld" --sysroot=/usr/local/google/home/naveenkumark/Android/Sdk/ndk-bundle/platforms/android-15/arch-mips -z relro --sysroot=/usr/local/google/home/naveenkumark/Android/Sdk/ndk-bundle/platforms/android-15/arch-mips --build-id --eh-frame-hdr -m elf32ltsmip -dynamic-linker /system/bin/linker -o cmTC_09d32 /usr/local/google/home/naveenkumark/Android/Sdk/ndk-bundle/platforms/android-15/arch-mips/usr/lib/../lib/crtbegin_dynamic.o -L/usr/local/google/home/naveenkumark/Android/Sdk/ndk-bundle/toolchains/mipsel-linux-android-4.9/prebuilt/linux-x86_64/lib/gcc/mipsel-linux-android/4.9.x -L/usr/local/google/home/naveenkumark/Android/Sdk/ndk-bundle/toolchains/mipsel-linux-android-4.9/prebuilt/linux-x86_64/lib/gcc/mipsel-linux-android/4.9.x/../../../../mipsel-linux-android/lib/../lib -L/usr/local/google/home/naveenkumark/Android/Sdk/ndk-bundle/platforms/android-15/arch-mips/usr/lib/../lib -L/usr/local/google/home/naveenkumark/Android/Sdk/ndk-bundle/toolchains/mipsel-linux-android-4.9/prebuilt/linux-x86_64/lib/gcc/mipsel-linux-android/4.9.x/../../../../mipsel-linux-android/lib -L/usr/local/google/home/naveenkumark/Android/Sdk/ndk-bundle/platforms/android-15/arch-mips/usr/lib --build-id --warn-shared-textrel --fatal-warnings --no-undefined -z noexecstack -z relro -z now --gc-sections -z nocopyreloc --build-id --warn-shared-textrel --fatal-warnings --no-undefined -z noexecstack -z relro -z now --gc-sections -z nocopyreloc CMakeFiles/cmTC_09d32.dir/CMakeCXXCompilerABI.cpp.o -lstdc++ -lm -lgcc -lgcc -ldl -lc -lgcc -lgcc -ldl /usr/local/google/home/naveenkumark/Android/Sdk/ndk-bundle/platforms/android-15/arch-mips/usr/lib/../lib/crtend_android.o


Parsed CXX implicit link information from above output:
  link line regex: [^( *|.*[/\])(mipsel-linux-android-ld|([^/\]+-)?ld|collect2)[^/\]*( |$)]
  ignore line: [Change Dir: /usr/local/google/home/naveenkumark/AndroidStudioProjects/2.2.2/3360264/HelloJNI/app/.externalNativeBuild/cmake/mipsDebug/mips/CMakeFiles/CMakeTmp]
  ignore line: []
  ignore line: [Run Build Command:"/usr/local/google/home/naveenkumark/Android/Sdk/cmake/3.6.3155560/bin/ninja" "cmTC_09d32"]
  ignore line: [[1/2] Building CXX object CMakeFiles/cmTC_09d32.dir/CMakeCXXCompilerABI.cpp.o]
  ignore line: [[2/2] Linking CXX executable cmTC_09d32]
  ignore line: [Android clang version 3.8.256229  (based on LLVM 3.8.256229)]
  ignore line: [Target: mipsel-none-linux-android]
  ignore line: [Thread model: posix]
  ignore line: [InstalledDir: /usr/local/google/home/naveenkumark/Android/Sdk/ndk-bundle/toolchains/llvm/prebuilt/linux-x86_64/bin]
  ignore line: [Found candidate GCC installation: /usr/local/google/home/naveenkumark/Android/Sdk/ndk-bundle/toolchains/mipsel-linux-android-4.9/prebuilt/linux-x86_64/lib/gcc/mipsel-linux-android/4.9.x]
  ignore line: [Selected GCC installation: /usr/local/google/home/naveenkumark/Android/Sdk/ndk-bundle/toolchains/mipsel-linux-android-4.9/prebuilt/linux-x86_64/lib/gcc/mipsel-linux-android/4.9.x]
  ignore line: [Candidate multilib: mips-r6]
  ignore line: [@march=mips32r6]
  ignore line: [Candidate multilib: mips-r2]
  ignore line: [@march=mips32r2]
  ignore line: [Candidate multilib: .]
  ignore line: []
  ignore line: [Selected multilib: .]
  ignore line: []
  link line: [ "/usr/local/google/home/naveenkumark/Android/Sdk/ndk-bundle/toolchains/mipsel-linux-android-4.9/prebuilt/linux-x86_64/lib/gcc/mipsel-linux-android/4.9.x/../../../../mipsel-linux-android/bin/ld" --sysroot=/usr/local/google/home/naveenkumark/Android/Sdk/ndk-bundle/platforms/android-15/arch-mips -z relro --sysroot=/usr/local/google/home/naveenkumark/Android/Sdk/ndk-bundle/platforms/android-15/arch-mips --build-id --eh-frame-hdr -m elf32ltsmip -dynamic-linker /system/bin/linker -o cmTC_09d32 /usr/local/google/home/naveenkumark/Android/Sdk/ndk-bundle/platforms/android-15/arch-mips/usr/lib/../lib/crtbegin_dynamic.o -L/usr/local/google/home/naveenkumark/Android/Sdk/ndk-bundle/toolchains/mipsel-linux-android-4.9/prebuilt/linux-x86_64/lib/gcc/mipsel-linux-android/4.9.x -L/usr/local/google/home/naveenkumark/Android/Sdk/ndk-bundle/toolchains/mipsel-linux-android-4.9/prebuilt/linux-x86_64/lib/gcc/mipsel-linux-android/4.9.x/../../../../mipsel-linux-android/lib/../lib -L/usr/local/google/home/naveenkumark/Android/Sdk/ndk-bundle/platforms/android-15/arch-mips/usr/lib/../lib -L/usr/local/google/home/naveenkumark/Android/Sdk/ndk-bundle/toolchains/mipsel-linux-android-4.9/prebuilt/linux-x86_64/lib/gcc/mipsel-linux-android/4.9.x/../../../../mipsel-linux-android/lib -L/usr/local/google/home/naveenkumark/Android/Sdk/ndk-bundle/platforms/android-15/arch-mips/usr/lib --build-id --warn-shared-textrel --fatal-warnings --no-undefined -z noexecstack -z relro -z now --gc-sections -z nocopyreloc --build-id --warn-shared-textrel --fatal-warnings --no-undefined -z noexecstack -z relro -z now --gc-sections -z nocopyreloc CMakeFiles/cmTC_09d32.dir/CMakeCXXCompilerABI.cpp.o -lstdc++ -lm -lgcc -lgcc -ldl -lc -lgcc -lgcc -ldl /usr/local/google/home/naveenkumark/Android/Sdk/ndk-bundle/platforms/android-15/arch-mips/usr/lib/../lib/crtend_android.o]
    arg [/usr/local/google/home/naveenkumark/Android/Sdk/ndk-bundle/toolchains/mipsel-linux-android-4.9/prebuilt/linux-x86_64/lib/gcc/mipsel-linux-android/4.9.x/../../../../mipsel-linux-android/bin/ld] ==> ignore
    arg [--sysroot=/usr/local/google/home/naveenkumark/Android/Sdk/ndk-bundle/platforms/android-15/arch-mips] ==> ignore
    arg [-zrelro] ==> ignore
    arg [--sysroot=/usr/local/google/home/naveenkumark/Android/Sdk/ndk-bundle/platforms/android-15/arch-mips] ==> ignore
    arg [--build-id] ==> ignore
    arg [--eh-frame-hdr] ==> ignore
    arg [-m] ==> ignore
    arg [elf32ltsmip] ==> ignore
    arg [-dynamic-linker] ==> ignore
    arg [/system/bin/linker] ==> ignore
    arg [-o] ==> ignore
    arg [cmTC_09d32] ==> ignore
    arg [/usr/local/google/home/naveenkumark/Android/Sdk/ndk-bundle/platforms/android-15/arch-mips/usr/lib/../lib/crtbegin_dynamic.o] ==> ignore
    arg [-L/usr/local/google/home/naveenkumark/Android/Sdk/ndk-bundle/toolchains/mipsel-linux-android-4.9/prebuilt/linux-x86_64/lib/gcc/mipsel-linux-android/4.9.x] ==> dir [/usr/local/google/home/naveenkumark/Android/Sdk/ndk-bundle/toolchains/mipsel-linux-android-4.9/prebuilt/linux-x86_64/lib/gcc/mipsel-linux-android/4.9.x]
    arg [-L/usr/local/google/home/naveenkumark/Android/Sdk/ndk-bundle/toolchains/mipsel-linux-android-4.9/prebuilt/linux-x86_64/lib/gcc/mipsel-linux-android/4.9.x/../../../../mipsel-linux-android/lib/../lib] ==> dir [/usr/local/google/home/naveenkumark/Android/Sdk/ndk-bundle/toolchains/mipsel-linux-android-4.9/prebuilt/linux-x86_64/lib/gcc/mipsel-linux-android/4.9.x/../../../../mipsel-linux-android/lib/../lib]
    arg [-L/usr/local/google/home/naveenkumark/Android/Sdk/ndk-bundle/platforms/android-15/arch-mips/usr/lib/../lib] ==> dir [/usr/local/google/home/naveenkumark/Android/Sdk/ndk-bundle/platforms/android-15/arch-mips/usr/lib/../lib]
    arg [-L/usr/local/google/home/naveenkumark/Android/Sdk/ndk-bundle/toolchains/mipsel-linux-android-4.9/prebuilt/linux-x86_64/lib/gcc/mipsel-linux-android/4.9.x/../../../../mipsel-linux-android/lib] ==> dir [/usr/local/google/home/naveenkumark/Android/Sdk/ndk-bundle/toolchains/mipsel-linux-android-4.9/prebuilt/linux-x86_64/lib/gcc/mipsel-linux-android/4.9.x/../../../../mipsel-linux-android/lib]
    arg [-L/usr/local/google/home/naveenkumark/Android/Sdk/ndk-bundle/platforms/android-15/arch-mips/usr/lib] ==> dir [/usr/local/google/home/naveenkumark/Android/Sdk/ndk-bundle/platforms/android-15/arch-mips/usr/lib]
    arg [--build-id] ==> ignore
    arg [--warn-shared-textrel] ==> ignore
    arg [--fatal-warnings] ==> ignore
    arg [--no-undefined] ==> ignore
    arg [-znoexecstack] ==> ignore
    arg [-zrelro] ==> ignore
    arg [-znow] ==> ignore
    arg [--gc-sections] ==> ignore
    arg [-znocopyreloc] ==> ignore
    arg [--build-id] ==> ignore
    arg [--warn-shared-textrel] ==> ignore
    arg [--fatal-warnings] ==> ignore
    arg [--no-undefined] ==> ignore
    arg [-znoexecstack] ==> ignore
    arg [-zrelro] ==> ignore
    arg [-znow] ==> ignore
    arg [--gc-sections] ==> ignore
    arg [-znocopyreloc] ==> ignore
    arg [CMakeFiles/cmTC_09d32.dir/CMakeCXXCompilerABI.cpp.o] ==> ignore
    arg [-lstdc++] ==> lib [stdc++]
    arg [-lm] ==> lib [m]
    arg [-lgcc] ==> lib [gcc]
    arg [-lgcc] ==> lib [gcc]
    arg [-ldl] ==> lib [dl]
    arg [-lc] ==> lib [c]
    arg [-lgcc] ==> lib [gcc]
    arg [-lgcc] ==> lib [gcc]
    arg [-ldl] ==> lib [dl]
    arg [/usr/local/google/home/naveenkumark/Android/Sdk/ndk-bundle/platforms/android-15/arch-mips/usr/lib/../lib/crtend_android.o] ==> ignore
  remove lib [gcc]
  remove lib [gcc]
  remove lib [gcc]
  remove lib [gcc]
  collapse library dir [/usr/local/google/home/naveenkumark/Android/Sdk/ndk-bundle/toolchains/mipsel-linux-android-4.9/prebuilt/linux-x86_64/lib/gcc/mipsel-linux-android/4.9.x] ==> [/usr/local/google/home/naveenkumark/Android/Sdk/ndk-bundle/toolchains/mipsel-linux-android-4.9/prebuilt/linux-x86_64/lib/gcc/mipsel-linux-android/4.9.x]
  collapse library dir [/usr/local/google/home/naveenkumark/Android/Sdk/ndk-bundle/toolchains/mipsel-linux-android-4.9/prebuilt/linux-x86_64/lib/gcc/mipsel-linux-android/4.9.x/../../../../mipsel-linux-android/lib/../lib] ==> [/usr/local/google/home/naveenkumark/Android/Sdk/ndk-bundle/toolchains/mipsel-linux-android-4.9/prebuilt/linux-x86_64/mipsel-linux-android/lib]
  collapse library dir [/usr/local/google/home/naveenkumark/Android/Sdk/ndk-bundle/platforms/android-15/arch-mips/usr/lib/../lib] ==> [/usr/local/google/home/naveenkumark/Android/Sdk/ndk-bundle/platforms/android-15/arch-mips/usr/lib]
  collapse library dir [/usr/local/google/home/naveenkumark/Android/Sdk/ndk-bundle/toolchains/mipsel-linux-android-4.9/prebuilt/linux-x86_64/lib/gcc/mipsel-linux-android/4.9.x/../../../../mipsel-linux-android/lib] ==> [/usr/local/google/home/naveenkumark/Android/Sdk/ndk-bundle/toolchains/mipsel-linux-android-4.9/prebuilt/linux-x86_64/mipsel-linux-android/lib]
  collapse library dir [/usr/local/google/home/naveenkumark/Android/Sdk/ndk-bundle/platforms/android-15/arch-mips/usr/lib] ==> [/usr/local/google/home/naveenkumark/Android/Sdk/ndk-bundle/platforms/android-15/arch-mips/usr/lib]
  implicit libs: [stdc++;m;dl;c;dl]
  implicit dirs: [/usr/local/google/home/naveenkumark/Android/Sdk/ndk-bundle/toolchains/mipsel-linux-android-4.9/prebuilt/linux-x86_64/lib/gcc/mipsel-linux-android/4.9.x;/usr/local/google/home/naveenkumark/Android/Sdk/ndk-bundle/toolchains/mipsel-linux-android-4.9/prebuilt/linux-x86_64/mipsel-linux-android/lib;/usr/local/google/home/naveenkumark/Android/Sdk/ndk-bundle/platforms/android-15/arch-mips/usr/lib]
  implicit fwks: []


